<?xml version="1.0" encoding="UTF-8"?>
<testsuite xmlns:xsi="http://www.w3.org/2001/XMLSchema-instance" xsi:schemaLocation="https://maven.apache.org/surefire/maven-surefire-plugin/xsd/surefire-test-report.xsd" name="runner.TestRunner" time="54.572" tests="12" errors="0" skipped="0" failures="0">
  <properties>
    <property name="java.runtime.name" value="Java(TM) SE Runtime Environment"/>
    <property name="sun.boot.library.path" value="C:\Program Files\Java\jdk1.8.0_74\jre\bin"/>
    <property name="java.vm.version" value="25.74-b02"/>
    <property name="java.vm.vendor" value="Oracle Corporation"/>
    <property name="maven.multiModuleProjectDirectory" value="D:\SeleniumFinalPractice\CucumberFramework"/>
    <property name="java.vendor.url" value="http://java.oracle.com/"/>
    <property name="path.separator" value=";"/>
    <property name="guice.disable.misplaced.annotation.check" value="true"/>
    <property name="java.vm.name" value="Java HotSpot(TM) 64-Bit Server VM"/>
    <property name="file.encoding.pkg" value="sun.io"/>
    <property name="user.script" value=""/>
    <property name="user.country" value="IN"/>
    <property name="sun.java.launcher" value="SUN_STANDARD"/>
    <property name="sun.os.patch.level" value=""/>
    <property name="java.vm.specification.name" value="Java Virtual Machine Specification"/>
    <property name="user.dir" value="D:\SeleniumFinalPractice\CucumberFramework"/>
    <property name="java.runtime.version" value="1.8.0_74-b02"/>
    <property name="java.awt.graphicsenv" value="sun.awt.Win32GraphicsEnvironment"/>
    <property name="java.endorsed.dirs" value="C:\Program Files\Java\jdk1.8.0_74\jre\lib\endorsed"/>
    <property name="os.arch" value="amd64"/>
    <property name="java.io.tmpdir" value="C:\Users\VISHAL\AppData\Local\Temp\"/>
    <property name="line.separator" value="&#10;"/>
    <property name="java.vm.specification.vendor" value="Oracle Corporation"/>
    <property name="user.variant" value=""/>
    <property name="os.name" value="Windows 10"/>
    <property name="classworlds.conf" value="D:\SeleniumFinalPractice\.metadata\.plugins\org.eclipse.m2e.launching\launches\m2conf5273881404440920286.tmp"/>
    <property name="sun.jnu.encoding" value="Cp1252"/>
    <property name="java.library.path" value="C:\Program Files\Java\jdk1.8.0_74\bin;C:\WINDOWS\Sun\Java\bin;C:\WINDOWS\system32;C:\WINDOWS;C:/Program Files/Java/jre1.8.0_74/bin/server;C:/Program Files/Java/jre1.8.0_74/bin;C:/Program Files/Java/jre1.8.0_74/lib/amd64;C:\ProgramData\Oracle\Java\javapath;C:\WINDOWS\system32;C:\WINDOWS;C:\WINDOWS\System32\Wbem;C:\WINDOWS\System32\WindowsPowerShell\v1.0\;C:\Program Files (x86)\ATI Technologies\ATI.ACE\Core-Static;C:\Program Files\Java\jdk1.8.0_74\bin;C:\Program Files\Git\cmd;C:\Program Files (x86)\git;C:\WINDOWS\System32\OpenSSH\;%M2_HOME%\bin;C:\Users\VISHAL\Downloads\maven\apache-maven-3.5.3\bin;C:\Program Files\maven\apache-maven-3.5.3\bin;C:\ProgramData\chocolatey\bin;C:\Users\VISHAL\AppData\Local\Microsoft\WindowsApps;C:\Users\VISHAL\git;C:\Users\VISHAL\AppData\Local\Microsoft\WindowsApps;C:\Users\VISHAL\AppData\Local\GitHubDesktop\bin;D:\Software\Vishal\eclipse-java-mars-2-win32-x86_64 (1)\eclipse;;."/>
    <property name="java.specification.name" value="Java Platform API Specification"/>
    <property name="java.class.version" value="52.0"/>
    <property name="sun.management.compiler" value="HotSpot 64-Bit Tiered Compilers"/>
    <property name="os.version" value="10.0"/>
    <property name="user.home" value="C:\Users\VISHAL"/>
    <property name="user.timezone" value="Asia/Calcutta"/>
    <property name="java.awt.printerjob" value="sun.awt.windows.WPrinterJob"/>
    <property name="java.specification.version" value="1.8"/>
    <property name="file.encoding" value="Cp1252"/>
    <property name="user.name" value="VISHAL"/>
    <property name="java.class.path" value="/D:/Software/Vishal/eclipse-java-mars-2-win32-x86_64 (1)/eclipse/plugins/org.eclipse.m2e.maven.runtime_1.6.2.20150902-0001/jars/plexus-classworlds-2.5.2.jar"/>
    <property name="java.vm.specification.version" value="1.8"/>
    <property name="sun.arch.data.model" value="64"/>
    <property name="java.home" value="C:\Program Files\Java\jdk1.8.0_74\jre"/>
    <property name="sun.java.command" value="org.codehaus.plexus.classworlds.launcher.Launcher -B clean install compile test"/>
    <property name="java.specification.vendor" value="Oracle Corporation"/>
    <property name="user.language" value="en"/>
    <property name="awt.toolkit" value="sun.awt.windows.WToolkit"/>
    <property name="java.vm.info" value="mixed mode"/>
    <property name="java.version" value="1.8.0_74"/>
    <property name="java.ext.dirs" value="C:\Program Files\Java\jdk1.8.0_74\jre\lib\ext;C:\WINDOWS\Sun\Java\lib\ext"/>
    <property name="sun.boot.class.path" value="C:\Program Files\Java\jdk1.8.0_74\jre\lib\resources.jar;C:\Program Files\Java\jdk1.8.0_74\jre\lib\rt.jar;C:\Program Files\Java\jdk1.8.0_74\jre\lib\sunrsasign.jar;C:\Program Files\Java\jdk1.8.0_74\jre\lib\jsse.jar;C:\Program Files\Java\jdk1.8.0_74\jre\lib\jce.jar;C:\Program Files\Java\jdk1.8.0_74\jre\lib\charsets.jar;C:\Program Files\Java\jdk1.8.0_74\jre\lib\jfr.jar;C:\Program Files\Java\jdk1.8.0_74\jre\classes"/>
    <property name="java.vendor" value="Oracle Corporation"/>
    <property name="maven.home" value="D:\SeleniumFinalPractice\CucumberFramework\EMBEDDED"/>
    <property name="file.separator" value="\"/>
    <property name="java.vendor.url.bug" value="http://bugreport.sun.com/bugreport/"/>
    <property name="sun.cpu.endian" value="little"/>
    <property name="sun.io.unicode.encoding" value="UnicodeLittle"/>
    <property name="sun.desktop" value="windows"/>
    <property name="sun.cpu.isalist" value="amd64"/>
  </properties>
  <testcase name="Given Open firefox and Start Application" classname="| vishal5@gmail.com | kjhkhkkh |" time="0.004"/>
  <testcase name="When I give valid &quot;vishal5@gmail.com&quot; and &quot;kjhkhkkh&quot;" classname="| vishal5@gmail.com | kjhkhkkh |" time="0"/>
  <testcase name="Then Login should be successfull" classname="| vishal5@gmail.com | kjhkhkkh |" time="0"/>
  <testcase name="| vishal5@gmail.com | kjhkhkkh |" classname="| vishal5@gmail.com | kjhkhkkh |" time="0.001"/>
  <testcase name="Given Open firefox and Start Application" classname="| vifkk@gmail.com | hgjjgjg |" time="0"/>
  <testcase name="When I give valid &quot;vifkk@gmail.com&quot; and &quot;hgjjgjg&quot;" classname="| vifkk@gmail.com | hgjjgjg |" time="0"/>
  <testcase name="Then Login should be successfull" classname="| vifkk@gmail.com | hgjjgjg |" time="0"/>
  <testcase name="| vifkk@gmail.com | hgjjgjg |" classname="| vifkk@gmail.com | hgjjgjg |" time="0"/>
  <testcase name="Given Open firefox and Start Application" classname="| madhurvishal5@gmai.com | .v9661132 |" time="0"/>
  <testcase name="When I give valid &quot;madhurvishal5@gmai.com&quot; and &quot;.v9661132&quot;" classname="| madhurvishal5@gmai.com | .v9661132 |" time="0"/>
  <testcase name="Then Login should be successfull" classname="| madhurvishal5@gmai.com | .v9661132 |" time="0"/>
  <testcase name="| madhurvishal5@gmai.com | .v9661132 |" classname="| madhurvishal5@gmai.com | .v9661132 |" time="0.001"/>
</testsuite>